<?xml version="1.0" encoding="UTF-8"?>
<testng-results total="1" passed="1" failed="0" skipped="0">
  <reporter-output>
  </reporter-output>
  <suite started-at="2019-09-30T17:43:39Z" name="JavaMaven.MavenApps.GoogleTest" finished-at="2019-09-30T17:44:17Z" duration-ms="38419">
    <groups>
    </groups>
    <test started-at="2019-09-30T17:43:39Z" name="Command line test" finished-at="2019-09-30T17:44:17Z" duration-ms="38419">
      <class name="JavaMaven.MavenApps.GoogleTest">
        <test-method is-config="true" signature="browser()[pri:0, instance:JavaMaven.MavenApps.GoogleTest@33c7e1bb]" started-at="2019-09-30T23:13:39Z" name="browser" finished-at="2019-09-30T23:13:58Z" duration-ms="19027" status="PASS">
          <reporter-output>
          </reporter-output>
        </test-method> <!-- browser -->
        <test-method signature="Search()[pri:0, instance:JavaMaven.MavenApps.GoogleTest@33c7e1bb]" started-at="2019-09-30T23:13:58Z" name="Search" finished-at="2019-09-30T23:14:17Z" duration-ms="19382" status="PASS">
          <reporter-output>
          </reporter-output>
        </test-method> <!-- Search -->
      </class> <!-- JavaMaven.MavenApps.GoogleTest -->
    </test> <!-- Command line test -->
  </suite> <!-- JavaMaven.MavenApps.GoogleTest -->
</testng-results>
